app/build/intermediates/manifest_merge_blame_file/debug/manifest-merger-blame-debug-report.txt
1<?xml version="1.0" encoding="utf-8"?>
2<manifest xmlns:android="http://schemas.android.com/apk/res/android"
3    package="com.example.myapplication"
4    android:versionCode="1"
5    android:versionName="1.0" >
6
7    <uses-sdk
8        android:minSdkVersion="22"
8-->src/main/AndroidManifest.xml
9        android:targetSdkVersion="29" />
9-->src/main/AndroidManifest.xml
10
11    <uses-permission android:name="android.permission.INTERNET" />
11-->src/main/AndroidManifest.xml:4:5-66
11-->src/main/AndroidManifest.xml:4:22-64
12    <uses-permission android:name="android.permission.CALL_PHONE" />
12-->src/main/AndroidManifest.xml:43:5-69
12-->src/main/AndroidManifest.xml:43:22-66
13    <!-- Include required permissions for Google Maps API to run. -->
14    <uses-permission android:name="android.permission.ACCESS_NETWORK_STATE" />
14-->[com.google.android.gms:play-services-maps:17.0.0] AndroidManifest.xml:23:5-79
14-->[com.google.android.gms:play-services-maps:17.0.0] AndroidManifest.xml:23:22-76
15
16    <uses-feature
16-->[com.google.android.gms:play-services-maps:17.0.0] AndroidManifest.xml:26:5-28:35
17        android:glEsVersion="0x00020000"
17-->[com.google.android.gms:play-services-maps:17.0.0] AndroidManifest.xml:27:9-41
18        android:required="true" />
18-->[com.google.android.gms:play-services-maps:17.0.0] AndroidManifest.xml:28:9-32
19
20    <application
20-->src/main/AndroidManifest.xml:6:5-42:19
21        android:allowBackup="true"
21-->src/main/AndroidManifest.xml:7:9-35
22        android:appComponentFactory="androidx.core.app.CoreComponentFactory"
22-->[androidx.core:core:1.0.1] AndroidManifest.xml:22:18-86
23        android:debuggable="true"
24        android:icon="@mipmap/ic_launcher"
24-->src/main/AndroidManifest.xml:8:9-43
25        android:label="Sharing_Books_and_Clothes"
25-->src/main/AndroidManifest.xml:9:9-50
26        android:roundIcon="@mipmap/ic_launcher_round"
26-->src/main/AndroidManifest.xml:10:9-54
27        android:supportsRtl="true"
27-->src/main/AndroidManifest.xml:11:9-35
28        android:testOnly="true"
29        android:theme="@style/AppTheme" >
29-->src/main/AndroidManifest.xml:12:9-40
30        <activity android:name="com.example.myapplication.MainActivity" >
30-->src/main/AndroidManifest.xml:13:9-19:20
30-->src/main/AndroidManifest.xml:13:19-47
31            <intent-filter>
31-->src/main/AndroidManifest.xml:14:13-18:29
32                <action android:name="android.intent.action.MAIN" />
32-->src/main/AndroidManifest.xml:15:17-69
32-->src/main/AndroidManifest.xml:15:25-66
33
34                <category android:name="android.intent.category.LAUNCHER" />
34-->src/main/AndroidManifest.xml:17:17-77
34-->src/main/AndroidManifest.xml:17:27-74
35            </intent-filter>
36        </activity>
37        <activity android:name="com.example.myapplication.LoginActivity" />
37-->src/main/AndroidManifest.xml:20:9-51
37-->src/main/AndroidManifest.xml:20:19-48
38        <activity android:name="com.example.myapplication.RegistrationActivity" />
38-->src/main/AndroidManifest.xml:21:9-58
38-->src/main/AndroidManifest.xml:21:19-55
39        <activity android:name="com.example.myapplication.PhoneloginActivity" />
39-->src/main/AndroidManifest.xml:22:9-56
39-->src/main/AndroidManifest.xml:22:19-53
40        <activity android:name="com.example.myapplication.EmailloginActivity" />
40-->src/main/AndroidManifest.xml:23:9-56
40-->src/main/AndroidManifest.xml:23:19-53
41        <activity android:name="com.example.myapplication.EmailloginActivityStep1" />
41-->src/main/AndroidManifest.xml:24:9-61
41-->src/main/AndroidManifest.xml:24:19-58
42        <activity android:name="com.example.myapplication.CreatePasswordActivity" />
42-->src/main/AndroidManifest.xml:25:9-60
42-->src/main/AndroidManifest.xml:25:19-57
43        <activity android:name="com.example.myapplication.CreatePasswordStep1Activity" />
43-->src/main/AndroidManifest.xml:26:9-65
43-->src/main/AndroidManifest.xml:26:19-62
44        <activity android:name="com.example.myapplication.CreatePasswordStep2Activity" />
44-->src/main/AndroidManifest.xml:27:9-65
44-->src/main/AndroidManifest.xml:27:19-62
45        <activity android:name="com.example.myapplication.AddressActivity" />
45-->src/main/AndroidManifest.xml:28:9-53
45-->src/main/AndroidManifest.xml:28:19-50
46        <activity android:name="com.example.myapplication.AccountCreated" />
46-->src/main/AndroidManifest.xml:29:9-52
46-->src/main/AndroidManifest.xml:29:19-49
47        <activity android:name="com.example.myapplication.SelectbookActivity" />
47-->src/main/AndroidManifest.xml:30:9-56
47-->src/main/AndroidManifest.xml:30:19-53
48        <activity android:name="com.example.myapplication.SelectclothActivity" />
48-->src/main/AndroidManifest.xml:31:9-57
48-->src/main/AndroidManifest.xml:31:19-54
49        <activity android:name="com.example.myapplication.SelectbooksorclothesActivity" />
49-->src/main/AndroidManifest.xml:32:9-66
49-->src/main/AndroidManifest.xml:32:19-63
50        <activity android:name="com.example.myapplication.PostsellbookadActivity" />
50-->src/main/AndroidManifest.xml:33:9-60
50-->src/main/AndroidManifest.xml:33:19-57
51        <activity android:name="com.example.myapplication.PostSellbookad1Activity" />
51-->src/main/AndroidManifest.xml:34:9-61
51-->src/main/AndroidManifest.xml:34:19-58
52        <activity android:name="com.example.myapplication.PostsellclothadActivity" />
52-->src/main/AndroidManifest.xml:35:9-61
52-->src/main/AndroidManifest.xml:35:19-58
53        <activity android:name="com.example.myapplication.PostSellclothad1Activity" />
53-->src/main/AndroidManifest.xml:36:9-62
53-->src/main/AndroidManifest.xml:36:19-59
54        <activity android:name="com.example.myapplication.CreatePasswordemailloginActivity" />
54-->src/main/AndroidManifest.xml:37:9-70
54-->src/main/AndroidManifest.xml:37:19-67
55        <activity android:name="com.example.myapplication.PostdonatebookActivity" />
55-->src/main/AndroidManifest.xml:38:9-60
55-->src/main/AndroidManifest.xml:38:19-57
56        <activity android:name="com.example.myapplication.PostdonateclothActivity" />
56-->src/main/AndroidManifest.xml:39:9-61
56-->src/main/AndroidManifest.xml:39:19-58
57        <activity android:name="com.example.myapplication.Buybookclothesstep1" />
57-->src/main/AndroidManifest.xml:40:9-57
57-->src/main/AndroidManifest.xml:40:19-54
58
59        <!-- Needs to be explicitly declared on P+ -->
60        <uses-library
60-->[com.google.android.gms:play-services-maps:17.0.0] AndroidManifest.xml:33:9-35:40
61            android:name="org.apache.http.legacy"
61-->[com.google.android.gms:play-services-maps:17.0.0] AndroidManifest.xml:34:13-50
62            android:required="false" />
62-->[com.google.android.gms:play-services-maps:17.0.0] AndroidManifest.xml:35:13-37
63
64        <activity
64-->[com.google.android.gms:play-services-base:17.0.0] AndroidManifest.xml:23:9-26:75
65            android:name="com.google.android.gms.common.api.GoogleApiActivity"
65-->[com.google.android.gms:play-services-base:17.0.0] AndroidManifest.xml:24:13-79
66            android:exported="false"
66-->[com.google.android.gms:play-services-base:17.0.0] AndroidManifest.xml:25:13-37
67            android:theme="@android:style/Theme.Translucent.NoTitleBar" />
67-->[com.google.android.gms:play-services-base:17.0.0] AndroidManifest.xml:26:13-72
68
69        <meta-data
69-->[com.google.android.gms:play-services-basement:17.0.0] AndroidManifest.xml:23:9-25:69
70            android:name="com.google.android.gms.version"
70-->[com.google.android.gms:play-services-basement:17.0.0] AndroidManifest.xml:24:13-58
71            android:value="@integer/google_play_services_version" />
71-->[com.google.android.gms:play-services-basement:17.0.0] AndroidManifest.xml:25:13-66
72    </application>
73
74</manifest>